<?xml version="1.0" encoding="UTF-8"?>
<!-- Generated by org.testng.reporters.JUnitXMLReporter -->
<testsuite ignored="0" hostname="KUBNEEZ" failures="0" tests="3" name="Default test" time="26.292" errors="0" timestamp="2024-01-13T18:55:02 IST">
  <testcase classname="rahulshettyacademy.test.ErrorReportOrdercode2" name="submit" time="15.177"/>
  <testcase classname="rahulshettyacademy.test.ErrorReportOrdercode2" name="ErrorValidation" time="0.523"/>
  <testcase classname="rahulshettyacademy.test.ErrorReportOrdercode2" name="OrderPageHistory" time="0.914"/>
</testsuite> <!-- Default test -->
