<?xml version="1.0" encoding="UTF-8"?>
<!-- Generated by org.testng.reporters.JUnitXMLReporter -->
<testsuite ignored="0" hostname="KUBNEEZ" failures="1" tests="4" name="Report Test" time="21.61" errors="0" timestamp="2024-01-14T18:30:24 IST">
  <testcase classname="rahulshettyacademy.test.ErrorReportOrdercode2" name="submit" time="9.567"/>
  <testcase classname="rahulshettyacademy.test.ErrorReportOrdercode2" name="ErrorValidation" time="0.397">
    <skipped/>
  </testcase> <!-- ErrorValidation -->
  <testcase classname="rahulshettyacademy.test.ErrorReportOrdercode2" name="ErrorValidation" time="0.375">
    <failure type="java.lang.AssertionError" message="expected [Incorrect email or password.] but found [Incorrect email o password.]">
      <![CDATA[java.lang.AssertionError: expected [Incorrect email or password.] but found [Incorrect email o password.]
at rahulshettyacademy.test.ErrorReportOrdercode2.ErrorValidation(ErrorReportOrdercode2.java:43)
at java.base/java.util.ArrayList.forEach(ArrayList.java:1511)
... Removed 33 stack frames]]>
    </failure>
  </testcase> <!-- ErrorValidation -->
  <testcase classname="rahulshettyacademy.test.ErrorReportOrdercode2" name="OrderPageHistory" time="0.656"/>
</testsuite> <!-- Report Test -->
