<?xml version="1.0" encoding="UTF-8"?>
<!-- Generated by org.testng.reporters.JUnitXMLReporter -->
<testsuite ignored="0" hostname="KUBNEEZ" failures="0" tests="3" name="Submit 3 Test" time="19.968" errors="0" timestamp="2024-01-13T14:47:02 IST">
  <testcase classname="rahulshettyacademy.test.SubmitOrdercode" name="submit" time="10.581"/>
  <testcase classname="rahulshettyacademy.test.SubmitOrdercode" name="ErrorValidation" time="0.731"/>
  <testcase classname="rahulshettyacademy.test.SubmitOrdercode" name="OrderPageHistory" time="0.909"/>
</testsuite> <!-- Submit 3 Test -->
