<?xml version="1.0" encoding="UTF-8"?>
<!-- Generated by org.testng.reporters.JUnitXMLReporter -->
<testsuite ignored="0" hostname="KUBNEEZ" failures="0" tests="7" name="Test" time="74.19" errors="0" timestamp="2024-01-13T14:42:54 IST">
  <testcase classname="rahulshettyacademy.test.Hashcode" name="submit" time="10.367"/>
  <testcase classname="rahulshettyacademy.test.Hashcode" name="submit" time="10.516"/>
  <testcase classname="rahulshettyacademy.test.SubmitOrdercode" name="submit" time="10.466"/>
  <testcase classname="rahulshettyacademy.test.SubmitOrdercode" name="ErrorValidation" time="0.676"/>
  <testcase classname="rahulshettyacademy.test.SubmitOrdercode" name="OrderPageHistory" time="0.978"/>
  <testcase classname="rahulshettyacademy.test.DataProvidercode" name="submit" time="10.148"/>
  <testcase classname="rahulshettyacademy.test.DataProvidercode" name="submit" time="10.34"/>
</testsuite> <!-- Test -->
